生成启动时间为 2019/12/9 18:33:28。
     1>项目“D:\vs2010-workspace\StringSort\StringSort\StringSort.vcxproj”在节点 2 上(rebuild 个目标)。
     1>_PrepareForClean:
         正在删除文件“Debug\StringSort.lastbuildstate”。
       InitializeBuildStatus:
         正在创建“Debug\StringSort.unsuccessfulbuild”，因为已指定“AlwaysCreate”。
       ClCompile:
         D:\Program Files\Microsoft Visual Studio 10.0\VC\bin\CL.exe /c /ZI /nologo /W3 /WX- /Od /Oy- /D WIN32 /D _DEBUG /D _CONSOLE /D _UNICODE /D UNICODE /Gm /EHsc /RTC1 /MDd /GS /fp:precise /Zc:wchar_t /Zc:forScope /Fo"Debug\\" /Fd"Debug\vc100.pdb" /Gd /TC /analyze- /errorReport:prompt main.c
         main.c
       ManifestResourceCompile:
         C:\Program Files (x86)\Microsoft SDKs\Windows\v7.0A\bin\rc.exe /nologo /fo"Debug\StringSort.exe.embed.manifest.res" Debug\StringSort_manifest.rc 
       Link:
         D:\Program Files\Microsoft Visual Studio 10.0\VC\bin\link.exe /ERRORREPORT:PROMPT /OUT:"D:\vs2010-workspace\StringSort\Debug\StringSort.exe" /INCREMENTAL /NOLOGO kernel32.lib user32.lib gdi32.lib winspool.lib comdlg32.lib advapi32.lib shell32.lib ole32.lib oleaut32.lib uuid.lib odbc32.lib odbccp32.lib /MANIFEST /ManifestFile:"Debug\StringSort.exe.intermediate.manifest" /MANIFESTUAC:"level='asInvoker' uiAccess='false'" /DEBUG /PDB:"D:\vs2010-workspace\StringSort\Debug\StringSort.pdb" /SUBSYSTEM:CONSOLE /TLBID:1 /DYNAMICBASE /NXCOMPAT /IMPLIB:"D:\vs2010-workspace\StringSort\Debug\StringSort.lib" /MACHINE:X86 Debug\StringSort.exe.embed.manifest.res
         Debug\main.obj
       Manifest:
         正在删除文件“Debug\StringSort.exe.embed.manifest”。
         C:\Program Files (x86)\Microsoft SDKs\Windows\v7.0A\bin\mt.exe /nologo /verbose /out:"Debug\StringSort.exe.embed.manifest" /manifest Debug\StringSort.exe.intermediate.manifest
         C:\Program Files (x86)\Microsoft SDKs\Windows\v7.0A\bin\rc.exe /nologo /fo"Debug\StringSort.exe.embed.manifest.res" Debug\StringSort_manifest.rc 
       LinkEmbedManifest:
         D:\Program Files\Microsoft Visual Studio 10.0\VC\bin\link.exe /ERRORREPORT:PROMPT /OUT:"D:\vs2010-workspace\StringSort\Debug\StringSort.exe" /INCREMENTAL /NOLOGO kernel32.lib user32.lib gdi32.lib winspool.lib comdlg32.lib advapi32.lib shell32.lib ole32.lib oleaut32.lib uuid.lib odbc32.lib odbccp32.lib /MANIFEST /ManifestFile:"Debug\StringSort.exe.intermediate.manifest" /MANIFESTUAC:"level='asInvoker' uiAccess='false'" /DEBUG /PDB:"D:\vs2010-workspace\StringSort\Debug\StringSort.pdb" /SUBSYSTEM:CONSOLE /TLBID:1 /DYNAMICBASE /NXCOMPAT /IMPLIB:"D:\vs2010-workspace\StringSort\Debug\StringSort.lib" /MACHINE:X86 Debug\StringSort.exe.embed.manifest.res
         Debug\main.obj
         StringSort.vcxproj -> D:\vs2010-workspace\StringSort\Debug\StringSort.exe
       FinalizeBuildStatus:
         正在删除文件“Debug\StringSort.unsuccessfulbuild”。
         正在对“Debug\StringSort.lastbuildstate”执行 Touch 任务。
     1>已完成生成项目“D:\vs2010-workspace\StringSort\StringSort\StringSort.vcxproj”(rebuild 个目标)的操作。

生成成功。

已用时间 00:00:00.53
