D:\VS2010-WORKSPACE\STRINGSORT\DEBUG\STRINGSORT.EXE
D:\VS2010-WORKSPACE\STRINGSORT\DEBUG\STRINGSORT.ILK
D:\VS2010-WORKSPACE\STRINGSORT\DEBUG\STRINGSORT.PDB
D:\vs2010-workspace\StringSort\StringSort\Debug\cl.command.1.tlog
D:\vs2010-workspace\StringSort\StringSort\Debug\CL.read.1.tlog
D:\vs2010-workspace\StringSort\StringSort\Debug\CL.write.1.tlog
D:\vs2010-workspace\StringSort\StringSort\Debug\link.4200.read.1.tlog
D:\vs2010-workspace\StringSort\StringSort\Debug\link.4200.write.1.tlog
D:\vs2010-workspace\StringSort\StringSort\Debug\link.4200-cvtres.read.1.tlog
D:\vs2010-workspace\StringSort\StringSort\Debug\link.4200-cvtres.write.1.tlog
D:\vs2010-workspace\StringSort\StringSort\Debug\link.command.1.tlog
D:\vs2010-workspace\StringSort\StringSort\Debug\link.read.1.tlog
D:\vs2010-workspace\StringSort\StringSort\Debug\link.write.1.tlog
D:\vs2010-workspace\StringSort\StringSort\Debug\link-cvtres.read.1.tlog
D:\vs2010-workspace\StringSort\StringSort\Debug\link-cvtres.write.1.tlog
D:\VS2010-WORKSPACE\STRINGSORT\STRINGSORT\DEBUG\MAIN.OBJ
D:\vs2010-workspace\StringSort\StringSort\Debug\mt.command.1.tlog
D:\vs2010-workspace\StringSort\StringSort\Debug\mt.read.1.tlog
D:\vs2010-workspace\StringSort\StringSort\Debug\mt.write.1.tlog
D:\vs2010-workspace\StringSort\StringSort\Debug\rc.command.1.tlog
D:\vs2010-workspace\StringSort\StringSort\Debug\rc.read.1.tlog
D:\vs2010-workspace\StringSort\StringSort\Debug\rc.write.1.tlog
D:\VS2010-WORKSPACE\STRINGSORT\STRINGSORT\DEBUG\STRINGSORT.EXE.EMBED.MANIFEST
D:\VS2010-WORKSPACE\STRINGSORT\STRINGSORT\DEBUG\STRINGSORT.EXE.EMBED.MANIFEST.RES
D:\VS2010-WORKSPACE\STRINGSORT\STRINGSORT\DEBUG\STRINGSORT.EXE.INTERMEDIATE.MANIFEST
D:\vs2010-workspace\StringSort\StringSort\Debug\StringSort.vcxprojResolveAssemblyReference.cache
D:\vs2010-workspace\StringSort\StringSort\Debug\StringSort.write.1.tlog
D:\vs2010-workspace\StringSort\StringSort\Debug\StringSort_manifest.rc
D:\vs2010-workspace\StringSort\StringSort\Debug\vc100.idb
D:\VS2010-WORKSPACE\STRINGSORT\STRINGSORT\DEBUG\VC100.PDB
